Currently Loaded Modulefiles:
  1) null                          4) hadoop/0.20.1
  2) modules                       5) myhadoop/0.2a/hadoop-0.20.1
  3) java/j2sdk/1.6.0_22
13/11/11 05:30:21 INFO namenode.NameNode: STARTUP_MSG: 
/************************************************************
STARTUP_MSG: Starting NameNode
STARTUP_MSG:   host = d07n33s01/10.104.7.33
STARTUP_MSG:   args = [-format]
STARTUP_MSG:   version = 0.20.1
STARTUP_MSG:   build = http://svn.apache.org/repos/asf/hadoop/common/tags/release-0.20.1-rc1 -r 810220; compiled by 'oom' on Tue Sep  1 20:55:56 UTC 2009
************************************************************/
13/11/11 05:30:21 INFO namenode.FSNamesystem: fsOwner=sreehars,cse603f13,u2
13/11/11 05:30:21 INFO namenode.FSNamesystem: supergroup=supergroup
13/11/11 05:30:21 INFO namenode.FSNamesystem: isPermissionEnabled=true
13/11/11 05:30:21 INFO common.Storage: Image file of size 98 saved in 0 seconds.
13/11/11 05:30:21 INFO common.Storage: Storage directory /scratch/hadoop-sreehars/data/dfs/name has been successfully formatted.
13/11/11 05:30:21 INFO namenode.NameNode: SHUTDOWN_MSG: 
/************************************************************
SHUTDOWN_MSG: Shutting down NameNode at d07n33s01/10.104.7.33
************************************************************/
put: File README.txt does not exist.
ls: Cannot access .: No such file or directory.
date: extra operand `%s'
Try `date --help' for more information.
/var/spool/slurmd/job777569/slurm_script: line 84: btime: command not found
13/11/11 05:31:59 WARN mapred.JobClient: Use GenericOptionsParser for parsing the arguments. Applications should implement Tool for the same.
13/11/11 05:32:00 INFO mapred.FileInputFormat: Total input paths to process : 1
13/11/11 05:32:00 INFO mapred.JobClient: Running job: job_201311110530_0001
13/11/11 05:32:01 INFO mapred.JobClient:  map 0% reduce 0%
13/11/11 05:32:16 INFO mapred.JobClient:  map 1% reduce 0%
13/11/11 05:32:17 INFO mapred.JobClient:  map 2% reduce 0%
13/11/11 05:32:19 INFO mapred.JobClient:  map 3% reduce 0%
13/11/11 05:32:22 INFO mapred.JobClient:  map 4% reduce 0%
13/11/11 05:32:23 INFO mapred.JobClient:  map 5% reduce 0%
13/11/11 05:32:26 INFO mapred.JobClient:  map 6% reduce 0%
13/11/11 05:32:28 INFO mapred.JobClient:  map 7% reduce 0%
13/11/11 05:32:31 INFO mapred.JobClient:  map 9% reduce 0%
13/11/11 05:32:34 INFO mapred.JobClient:  map 10% reduce 0%
13/11/11 05:32:37 INFO mapred.JobClient:  map 11% reduce 0%
13/11/11 05:32:40 INFO mapred.JobClient:  map 12% reduce 0%
13/11/11 05:32:43 INFO mapred.JobClient:  map 14% reduce 0%
13/11/11 05:32:46 INFO mapred.JobClient:  map 15% reduce 0%
13/11/11 05:32:49 INFO mapred.JobClient:  map 16% reduce 0%
13/11/11 05:32:52 INFO mapred.JobClient:  map 18% reduce 0%
13/11/11 05:32:55 INFO mapred.JobClient:  map 19% reduce 0%
13/11/11 05:32:58 INFO mapred.JobClient:  map 21% reduce 0%
13/11/11 05:33:01 INFO mapred.JobClient:  map 22% reduce 0%
13/11/11 05:33:04 INFO mapred.JobClient:  map 23% reduce 0%
13/11/11 05:33:07 INFO mapred.JobClient:  map 24% reduce 0%
13/11/11 05:33:10 INFO mapred.JobClient:  map 26% reduce 0%
13/11/11 05:33:13 INFO mapred.JobClient:  map 27% reduce 0%
13/11/11 05:33:16 INFO mapred.JobClient:  map 28% reduce 0%
13/11/11 05:33:19 INFO mapred.JobClient:  map 30% reduce 0%
13/11/11 05:33:22 INFO mapred.JobClient:  map 31% reduce 0%
13/11/11 05:33:25 INFO mapred.JobClient:  map 32% reduce 0%
13/11/11 05:33:28 INFO mapred.JobClient:  map 34% reduce 0%
13/11/11 05:33:31 INFO mapred.JobClient:  map 35% reduce 0%
13/11/11 05:33:34 INFO mapred.JobClient:  map 36% reduce 0%
13/11/11 05:33:37 INFO mapred.JobClient:  map 37% reduce 0%
13/11/11 05:33:40 INFO mapred.JobClient:  map 39% reduce 0%
13/11/11 05:33:43 INFO mapred.JobClient:  map 40% reduce 0%
13/11/11 05:33:46 INFO mapred.JobClient:  map 41% reduce 0%
13/11/11 05:33:49 INFO mapred.JobClient:  map 43% reduce 0%
13/11/11 05:33:52 INFO mapred.JobClient:  map 44% reduce 0%
13/11/11 05:33:55 INFO mapred.JobClient:  map 45% reduce 0%
13/11/11 05:33:58 INFO mapred.JobClient:  map 46% reduce 0%
13/11/11 05:34:01 INFO mapred.JobClient:  map 48% reduce 0%
13/11/11 05:34:04 INFO mapred.JobClient:  map 49% reduce 0%
13/11/11 05:34:07 INFO mapred.JobClient:  map 50% reduce 0%
13/11/11 05:34:10 INFO mapred.JobClient:  map 52% reduce 0%
13/11/11 05:34:13 INFO mapred.JobClient:  map 53% reduce 0%
13/11/11 05:34:16 INFO mapred.JobClient:  map 54% reduce 0%
13/11/11 05:34:19 INFO mapred.JobClient:  map 55% reduce 0%
13/11/11 05:34:22 INFO mapred.JobClient:  map 57% reduce 0%
13/11/11 05:34:25 INFO mapred.JobClient:  map 58% reduce 0%
13/11/11 05:34:28 INFO mapred.JobClient:  map 59% reduce 0%
13/11/11 05:34:31 INFO mapred.JobClient:  map 61% reduce 0%
13/11/11 05:34:34 INFO mapred.JobClient:  map 62% reduce 0%
13/11/11 05:34:37 INFO mapred.JobClient:  map 63% reduce 0%
13/11/11 05:34:40 INFO mapred.JobClient:  map 64% reduce 0%
13/11/11 05:34:43 INFO mapred.JobClient:  map 66% reduce 0%
13/11/11 05:34:46 INFO mapred.JobClient:  map 67% reduce 0%
13/11/11 05:34:49 INFO mapred.JobClient:  map 68% reduce 0%
13/11/11 05:34:52 INFO mapred.JobClient:  map 69% reduce 0%
13/11/11 05:34:55 INFO mapred.JobClient:  map 71% reduce 0%
13/11/11 05:34:58 INFO mapred.JobClient:  map 72% reduce 0%
13/11/11 05:35:01 INFO mapred.JobClient:  map 73% reduce 0%
13/11/11 05:35:04 INFO mapred.JobClient:  map 75% reduce 0%
13/11/11 05:35:07 INFO mapred.JobClient:  map 76% reduce 0%
13/11/11 05:35:10 INFO mapred.JobClient:  map 77% reduce 0%
13/11/11 05:35:13 INFO mapred.JobClient:  map 79% reduce 0%
13/11/11 05:35:16 INFO mapred.JobClient:  map 80% reduce 0%
13/11/11 05:35:19 INFO mapred.JobClient:  map 81% reduce 0%
13/11/11 05:35:22 INFO mapred.JobClient:  map 82% reduce 0%
13/11/11 05:35:25 INFO mapred.JobClient:  map 84% reduce 0%
13/11/11 05:35:28 INFO mapred.JobClient:  map 85% reduce 0%
13/11/11 05:35:31 INFO mapred.JobClient:  map 87% reduce 0%
13/11/11 05:35:34 INFO mapred.JobClient:  map 88% reduce 0%
13/11/11 05:35:37 INFO mapred.JobClient:  map 89% reduce 0%
13/11/11 05:35:40 INFO mapred.JobClient:  map 90% reduce 0%
13/11/11 05:35:43 INFO mapred.JobClient:  map 91% reduce 0%
13/11/11 05:35:46 INFO mapred.JobClient:  map 93% reduce 0%
13/11/11 05:35:49 INFO mapred.JobClient:  map 94% reduce 0%
13/11/11 05:35:52 INFO mapred.JobClient:  map 95% reduce 0%
13/11/11 05:35:55 INFO mapred.JobClient:  map 96% reduce 0%
13/11/11 05:36:01 INFO mapred.JobClient:  map 97% reduce 0%
13/11/11 05:36:07 INFO mapred.JobClient:  map 98% reduce 0%
13/11/11 05:36:10 INFO mapred.JobClient:  map 99% reduce 0%
13/11/11 05:36:16 INFO mapred.JobClient:  map 100% reduce 0%
13/11/11 05:40:08 INFO mapred.JobClient:  map 100% reduce 16%
13/11/11 05:40:32 INFO mapred.JobClient:  map 100% reduce 67%
13/11/11 05:40:35 INFO mapred.JobClient:  map 100% reduce 69%
13/11/11 05:40:38 INFO mapred.JobClient:  map 100% reduce 71%
13/11/11 05:40:44 INFO mapred.JobClient:  map 100% reduce 72%
13/11/11 05:40:47 INFO mapred.JobClient:  map 100% reduce 74%
13/11/11 05:40:50 INFO mapred.JobClient:  map 100% reduce 76%
13/11/11 05:40:53 INFO mapred.JobClient:  map 100% reduce 78%
13/11/11 05:40:56 INFO mapred.JobClient:  map 100% reduce 79%
13/11/11 05:40:59 INFO mapred.JobClient:  map 100% reduce 81%
13/11/11 05:41:02 INFO mapred.JobClient:  map 100% reduce 82%
13/11/11 05:41:05 INFO mapred.JobClient:  map 100% reduce 84%
13/11/11 05:41:08 INFO mapred.JobClient:  map 100% reduce 87%
13/11/11 05:41:11 INFO mapred.JobClient:  map 100% reduce 89%
13/11/11 05:41:14 INFO mapred.JobClient:  map 100% reduce 91%
13/11/11 05:41:17 INFO mapred.JobClient:  map 100% reduce 92%
13/11/11 05:41:20 INFO mapred.JobClient:  map 100% reduce 94%
13/11/11 05:41:23 INFO mapred.JobClient:  map 100% reduce 96%
13/11/11 05:41:26 INFO mapred.JobClient:  map 100% reduce 97%
13/11/11 05:41:29 INFO mapred.JobClient:  map 100% reduce 99%
13/11/11 05:41:35 INFO mapred.JobClient:  map 100% reduce 100%
13/11/11 05:41:37 INFO mapred.JobClient: Job complete: job_201311110530_0001
13/11/11 05:41:37 INFO mapred.JobClient: Counters: 19
13/11/11 05:41:37 INFO mapred.JobClient:   Job Counters 
13/11/11 05:41:37 INFO mapred.JobClient:     Launched reduce tasks=1
13/11/11 05:41:37 INFO mapred.JobClient:     Rack-local map tasks=1
13/11/11 05:41:37 INFO mapred.JobClient:     Launched map tasks=2
13/11/11 05:41:37 INFO mapred.JobClient:     Data-local map tasks=1
13/11/11 05:41:37 INFO mapred.JobClient:   FileSystemCounters
13/11/11 05:41:37 INFO mapred.JobClient:     FILE_BYTES_READ=10775119462
13/11/11 05:41:37 INFO mapred.JobClient:     HDFS_BYTES_READ=43127072
13/11/11 05:41:37 INFO mapred.JobClient:     FILE_BYTES_WRITTEN=13567119538
13/11/11 05:41:37 INFO mapred.JobClient:     HDFS_BYTES_WRITTEN=3464
13/11/11 05:41:37 INFO mapred.JobClient:   Map-Reduce Framework
13/11/11 05:41:37 INFO mapred.JobClient:     Reduce input groups=231
13/11/11 05:41:37 INFO mapred.JobClient:     Combine output records=0
13/11/11 05:41:37 INFO mapred.JobClient:     Map input records=1000000
13/11/11 05:41:37 INFO mapred.JobClient:     Reduce shuffle bytes=1395977670
13/11/11 05:41:37 INFO mapred.JobClient:     Reduce output records=231
13/11/11 05:41:37 INFO mapred.JobClient:     Spilled Records=1122494168
13/11/11 05:41:37 INFO mapred.JobClient:     Map output bytes=2330000000
13/11/11 05:41:37 INFO mapred.JobClient:     Map input bytes=43000381
13/11/11 05:41:37 INFO mapred.JobClient:     Combine input records=0
13/11/11 05:41:37 INFO mapred.JobClient:     Map output records=231000000
13/11/11 05:41:37 INFO mapred.JobClient:     Reduce input records=231000000
date: extra operand `%s'
Try `date --help' for more information.
/var/spool/slurmd/job777569/slurm_script: line 86: atime: command not found
/var/spool/slurmd/job777569/slurm_script: line 87: atime: command not found
/var/spool/slurmd/job777569/slurm_script: line 87: btime: command not found
/var/spool/slurmd/job777569/slurm_script: line 87: -: command not found
/var/spool/slurmd/job777569/slurm_script: line 87: ctime: command not found
ls: Cannot access output_wordcount: No such file or directory.
get: null
