Currently Loaded Modulefiles:
  1) null                          4) hadoop/0.20.1
  2) modules                       5) myhadoop/0.2a/hadoop-0.20.1
  3) java/j2sdk/1.6.0_22
13/11/11 04:42:45 INFO namenode.NameNode: STARTUP_MSG: 
/************************************************************
STARTUP_MSG: Starting NameNode
STARTUP_MSG:   host = d07n33s01/10.104.7.33
STARTUP_MSG:   args = [-format]
STARTUP_MSG:   version = 0.20.1
STARTUP_MSG:   build = http://svn.apache.org/repos/asf/hadoop/common/tags/release-0.20.1-rc1 -r 810220; compiled by 'oom' on Tue Sep  1 20:55:56 UTC 2009
************************************************************/
13/11/11 04:42:45 INFO namenode.FSNamesystem: fsOwner=sreehars,cse603f13,u2
13/11/11 04:42:45 INFO namenode.FSNamesystem: supergroup=supergroup
13/11/11 04:42:45 INFO namenode.FSNamesystem: isPermissionEnabled=true
13/11/11 04:42:45 INFO common.Storage: Image file of size 98 saved in 0 seconds.
13/11/11 04:42:46 INFO common.Storage: Storage directory /scratch/hadoop-sreehars/data/dfs/name has been successfully formatted.
13/11/11 04:42:46 INFO namenode.NameNode: SHUTDOWN_MSG: 
/************************************************************
SHUTDOWN_MSG: Shutting down NameNode at d07n33s01/10.104.7.33
************************************************************/
put: File README.txt does not exist.
ls: Cannot access .: No such file or directory.
date: extra operand `%s'
Try `date --help' for more information.
/var/spool/slurmd/job775029/slurm_script: line 84: btime: command not found
13/11/11 04:44:38 WARN mapred.JobClient: Use GenericOptionsParser for parsing the arguments. Applications should implement Tool for the same.
13/11/11 04:44:38 INFO mapred.FileInputFormat: Total input paths to process : 1
13/11/11 04:44:38 INFO mapred.JobClient: Running job: job_201311110443_0001
13/11/11 04:44:39 INFO mapred.JobClient:  map 0% reduce 0%
13/11/11 04:44:54 INFO mapred.JobClient:  map 23% reduce 0%
13/11/11 04:44:57 INFO mapred.JobClient:  map 62% reduce 0%
13/11/11 04:45:00 INFO mapred.JobClient:  map 88% reduce 0%
13/11/11 04:45:03 INFO mapred.JobClient:  map 100% reduce 0%
13/11/11 04:45:15 INFO mapred.JobClient:  map 100% reduce 16%
13/11/11 04:45:18 INFO mapred.JobClient:  map 100% reduce 33%
13/11/11 04:45:27 INFO mapred.JobClient:  map 100% reduce 100%
13/11/11 04:45:29 INFO mapred.JobClient: Job complete: job_201311110443_0001
13/11/11 04:45:29 INFO mapred.JobClient: Counters: 19
13/11/11 04:45:29 INFO mapred.JobClient:   Job Counters 
13/11/11 04:45:29 INFO mapred.JobClient:     Launched reduce tasks=1
13/11/11 04:45:29 INFO mapred.JobClient:     Rack-local map tasks=1
13/11/11 04:45:29 INFO mapred.JobClient:     Launched map tasks=2
13/11/11 04:45:29 INFO mapred.JobClient:     Data-local map tasks=1
13/11/11 04:45:29 INFO mapred.JobClient:   FileSystemCounters
13/11/11 04:45:29 INFO mapred.JobClient:     FILE_BYTES_READ=368105358
13/11/11 04:45:29 INFO mapred.JobClient:     HDFS_BYTES_READ=2254911
13/11/11 04:45:29 INFO mapred.JobClient:     FILE_BYTES_WRITTEN=507705434
13/11/11 04:45:29 INFO mapred.JobClient:     HDFS_BYTES_WRITTEN=3232
13/11/11 04:45:29 INFO mapred.JobClient:   Map-Reduce Framework
13/11/11 04:45:29 INFO mapred.JobClient:     Reduce input groups=231
13/11/11 04:45:29 INFO mapred.JobClient:     Combine output records=0
13/11/11 04:45:29 INFO mapred.JobClient:     Map input records=50000
13/11/11 04:45:29 INFO mapred.JobClient:     Reduce shuffle bytes=69800006
13/11/11 04:45:29 INFO mapred.JobClient:     Reduce output records=231
13/11/11 04:45:29 INFO mapred.JobClient:     Spilled Records=42005706
13/11/11 04:45:29 INFO mapred.JobClient:     Map output bytes=116500000
13/11/11 04:45:29 INFO mapred.JobClient:     Map input bytes=2150524
13/11/11 04:45:29 INFO mapred.JobClient:     Combine input records=0
13/11/11 04:45:29 INFO mapred.JobClient:     Map output records=11550000
13/11/11 04:45:29 INFO mapred.JobClient:     Reduce input records=11550000
date: extra operand `%s'
Try `date --help' for more information.
/var/spool/slurmd/job775029/slurm_script: line 86: atime: command not found
/var/spool/slurmd/job775029/slurm_script: line 87: atime: command not found
/var/spool/slurmd/job775029/slurm_script: line 87: btime: command not found
/var/spool/slurmd/job775029/slurm_script: line 87: -: command not found
/var/spool/slurmd/job775029/slurm_script: line 87: ctime: command not found
ls: Cannot access output_wordcount: No such file or directory.
get: null
