Currently Loaded Modulefiles:
  1) null                          4) hadoop/0.20.1
  2) modules                       5) myhadoop/0.2a/hadoop-0.20.1
  3) java/j2sdk/1.6.0_22
13/11/11 04:33:18 INFO namenode.NameNode: STARTUP_MSG: 
/************************************************************
STARTUP_MSG: Starting NameNode
STARTUP_MSG:   host = d07n33s01/10.104.7.33
STARTUP_MSG:   args = [-format]
STARTUP_MSG:   version = 0.20.1
STARTUP_MSG:   build = http://svn.apache.org/repos/asf/hadoop/common/tags/release-0.20.1-rc1 -r 810220; compiled by 'oom' on Tue Sep  1 20:55:56 UTC 2009
************************************************************/
13/11/11 04:33:18 INFO namenode.FSNamesystem: fsOwner=sreehars,cse603f13,u2
13/11/11 04:33:18 INFO namenode.FSNamesystem: supergroup=supergroup
13/11/11 04:33:18 INFO namenode.FSNamesystem: isPermissionEnabled=true
13/11/11 04:33:18 INFO common.Storage: Image file of size 98 saved in 0 seconds.
13/11/11 04:33:18 INFO common.Storage: Storage directory /scratch/hadoop-sreehars/data/dfs/name has been successfully formatted.
13/11/11 04:33:18 INFO namenode.NameNode: SHUTDOWN_MSG: 
/************************************************************
SHUTDOWN_MSG: Shutting down NameNode at d07n33s01/10.104.7.33
************************************************************/
put: File README.txt does not exist.
ls: Cannot access .: No such file or directory.
date: extra operand `%s'
Try `date --help' for more information.
/var/spool/slurmd/job775024/slurm_script: line 84: btime: command not found
13/11/11 04:34:21 WARN mapred.JobClient: Use GenericOptionsParser for parsing the arguments. Applications should implement Tool for the same.
13/11/11 04:34:21 INFO mapred.FileInputFormat: Total input paths to process : 1
13/11/11 04:34:22 INFO mapred.JobClient: Running job: job_201311110433_0001
13/11/11 04:34:23 INFO mapred.JobClient:  map 0% reduce 0%
13/11/11 04:34:35 INFO mapred.JobClient:  map 50% reduce 0%
13/11/11 04:34:38 INFO mapred.JobClient:  map 100% reduce 0%
13/11/11 04:34:44 INFO mapred.JobClient:  map 100% reduce 16%
13/11/11 04:34:50 INFO mapred.JobClient:  map 100% reduce 100%
13/11/11 04:34:52 INFO mapred.JobClient: Job complete: job_201311110433_0001
13/11/11 04:34:52 INFO mapred.JobClient: Counters: 19
13/11/11 04:34:52 INFO mapred.JobClient:   Job Counters 
13/11/11 04:34:52 INFO mapred.JobClient:     Launched reduce tasks=1
13/11/11 04:34:52 INFO mapred.JobClient:     Rack-local map tasks=1
13/11/11 04:34:52 INFO mapred.JobClient:     Launched map tasks=2
13/11/11 04:34:52 INFO mapred.JobClient:     Data-local map tasks=1
13/11/11 04:34:52 INFO mapred.JobClient:   FileSystemCounters
13/11/11 04:34:52 INFO mapred.JobClient:     FILE_BYTES_READ=55840066
13/11/11 04:34:52 INFO mapred.JobClient:     HDFS_BYTES_READ=477097
13/11/11 04:34:52 INFO mapred.JobClient:     FILE_BYTES_WRITTEN=83760142
13/11/11 04:34:52 INFO mapred.JobClient:     HDFS_BYTES_WRITTEN=3002
13/11/11 04:34:52 INFO mapred.JobClient:   Map-Reduce Framework
13/11/11 04:34:52 INFO mapred.JobClient:     Reduce input groups=231
13/11/11 04:34:52 INFO mapred.JobClient:     Combine output records=0
13/11/11 04:34:52 INFO mapred.JobClient:     Map input records=10000
13/11/11 04:34:52 INFO mapred.JobClient:     Reduce shuffle bytes=13962798
13/11/11 04:34:52 INFO mapred.JobClient:     Reduce output records=231
13/11/11 04:34:52 INFO mapred.JobClient:     Spilled Records=6930000
13/11/11 04:34:52 INFO mapred.JobClient:     Map output bytes=23300000
13/11/11 04:34:52 INFO mapred.JobClient:     Map input bytes=429904
13/11/11 04:34:52 INFO mapred.JobClient:     Combine input records=0
13/11/11 04:34:52 INFO mapred.JobClient:     Map output records=2310000
13/11/11 04:34:52 INFO mapred.JobClient:     Reduce input records=2310000
date: extra operand `%s'
Try `date --help' for more information.
/var/spool/slurmd/job775024/slurm_script: line 86: atime: command not found
/var/spool/slurmd/job775024/slurm_script: line 87: atime: command not found
/var/spool/slurmd/job775024/slurm_script: line 87: btime: command not found
/var/spool/slurmd/job775024/slurm_script: line 87: -: command not found
/var/spool/slurmd/job775024/slurm_script: line 87: ctime: command not found
ls: Cannot access output_wordcount: No such file or directory.
get: null
