Currently Loaded Modulefiles:
  1) null                          4) hadoop/0.20.1
  2) modules                       5) myhadoop/0.2a/hadoop-0.20.1
  3) java/j2sdk/1.6.0_22
13/11/11 05:10:38 INFO namenode.NameNode: STARTUP_MSG: 
/************************************************************
STARTUP_MSG: Starting NameNode
STARTUP_MSG:   host = d07n33s01/10.104.7.33
STARTUP_MSG:   args = [-format]
STARTUP_MSG:   version = 0.20.1
STARTUP_MSG:   build = http://svn.apache.org/repos/asf/hadoop/common/tags/release-0.20.1-rc1 -r 810220; compiled by 'oom' on Tue Sep  1 20:55:56 UTC 2009
************************************************************/
13/11/11 05:10:38 INFO namenode.FSNamesystem: fsOwner=sreehars,cse603f13,u2
13/11/11 05:10:38 INFO namenode.FSNamesystem: supergroup=supergroup
13/11/11 05:10:38 INFO namenode.FSNamesystem: isPermissionEnabled=true
13/11/11 05:10:38 INFO common.Storage: Image file of size 98 saved in 0 seconds.
13/11/11 05:10:38 INFO common.Storage: Storage directory /scratch/hadoop-sreehars/data/dfs/name has been successfully formatted.
13/11/11 05:10:38 INFO namenode.NameNode: SHUTDOWN_MSG: 
/************************************************************
SHUTDOWN_MSG: Shutting down NameNode at d07n33s01/10.104.7.33
************************************************************/
put: File README.txt does not exist.
ls: Cannot access .: No such file or directory.
date: extra operand `%s'
Try `date --help' for more information.
/var/spool/slurmd/job775055/slurm_script: line 84: btime: command not found
13/11/11 05:11:58 WARN mapred.JobClient: Use GenericOptionsParser for parsing the arguments. Applications should implement Tool for the same.
13/11/11 05:11:58 INFO mapred.FileInputFormat: Total input paths to process : 1
13/11/11 05:11:59 INFO mapred.JobClient: Running job: job_201311110510_0001
13/11/11 05:12:00 INFO mapred.JobClient:  map 0% reduce 0%
13/11/11 05:12:15 INFO mapred.JobClient:  map 12% reduce 0%
13/11/11 05:12:17 INFO mapred.JobClient:  map 24% reduce 0%
13/11/11 05:12:18 INFO mapred.JobClient:  map 31% reduce 0%
13/11/11 05:12:20 INFO mapred.JobClient:  map 37% reduce 0%
13/11/11 05:12:21 INFO mapred.JobClient:  map 44% reduce 0%
13/11/11 05:12:23 INFO mapred.JobClient:  map 50% reduce 0%
13/11/11 05:12:24 INFO mapred.JobClient:  map 56% reduce 0%
13/11/11 05:12:26 INFO mapred.JobClient:  map 63% reduce 0%
13/11/11 05:12:27 INFO mapred.JobClient:  map 70% reduce 0%
13/11/11 05:12:29 INFO mapred.JobClient:  map 76% reduce 0%
13/11/11 05:12:30 INFO mapred.JobClient:  map 83% reduce 0%
13/11/11 05:12:32 INFO mapred.JobClient:  map 89% reduce 0%
13/11/11 05:12:33 INFO mapred.JobClient:  map 92% reduce 0%
13/11/11 05:12:35 INFO mapred.JobClient:  map 98% reduce 0%
13/11/11 05:12:38 INFO mapred.JobClient:  map 99% reduce 0%
13/11/11 05:12:50 INFO mapred.JobClient:  map 100% reduce 0%
13/11/11 05:12:57 INFO mapred.JobClient:  map 100% reduce 16%
13/11/11 05:13:00 INFO mapred.JobClient:  map 100% reduce 33%
13/11/11 05:13:15 INFO mapred.JobClient:  map 100% reduce 82%
13/11/11 05:13:21 INFO mapred.JobClient:  map 100% reduce 100%
13/11/11 05:13:23 INFO mapred.JobClient: Job complete: job_201311110510_0001
13/11/11 05:13:23 INFO mapred.JobClient: Counters: 19
13/11/11 05:13:23 INFO mapred.JobClient:   Job Counters 
13/11/11 05:13:23 INFO mapred.JobClient:     Launched reduce tasks=1
13/11/11 05:13:23 INFO mapred.JobClient:     Rack-local map tasks=1
13/11/11 05:13:23 INFO mapred.JobClient:     Launched map tasks=2
13/11/11 05:13:23 INFO mapred.JobClient:     Data-local map tasks=1
13/11/11 05:13:23 INFO mapred.JobClient:   FileSystemCounters
13/11/11 05:13:23 INFO mapred.JobClient:     FILE_BYTES_READ=799579352
13/11/11 05:13:23 INFO mapred.JobClient:     HDFS_BYTES_READ=4378569
13/11/11 05:13:23 INFO mapred.JobClient:     FILE_BYTES_WRITTEN=1078779428
13/11/11 05:13:23 INFO mapred.JobClient:     HDFS_BYTES_WRITTEN=3233
13/11/11 05:13:23 INFO mapred.JobClient:   Map-Reduce Framework
13/11/11 05:13:23 INFO mapred.JobClient:     Reduce input groups=231
13/11/11 05:13:23 INFO mapred.JobClient:     Combine output records=0
13/11/11 05:13:23 INFO mapred.JobClient:     Map input records=100000
13/11/11 05:13:23 INFO mapred.JobClient:     Reduce shuffle bytes=139613966
13/11/11 05:13:23 INFO mapred.JobClient:     Reduce output records=231
13/11/11 05:13:23 INFO mapred.JobClient:     Spilled Records=89254276
13/11/11 05:13:23 INFO mapred.JobClient:     Map output bytes=233000000
13/11/11 05:13:23 INFO mapred.JobClient:     Map input bytes=4300688
13/11/11 05:13:23 INFO mapred.JobClient:     Combine input records=0
13/11/11 05:13:23 INFO mapred.JobClient:     Map output records=23100000
13/11/11 05:13:23 INFO mapred.JobClient:     Reduce input records=23100000
date: extra operand `%s'
Try `date --help' for more information.
/var/spool/slurmd/job775055/slurm_script: line 86: atime: command not found
/var/spool/slurmd/job775055/slurm_script: line 87: atime: command not found
/var/spool/slurmd/job775055/slurm_script: line 87: btime: command not found
/var/spool/slurmd/job775055/slurm_script: line 87: -: command not found
/var/spool/slurmd/job775055/slurm_script: line 87: ctime: command not found
ls: Cannot access output_wordcount: No such file or directory.
get: null
