SLURM Environment Variables:
Job ID = 775061
Job Name = org_gudelly
Job Node List = d07n33s[01-02]
Number of Nodes = 2
Tasks per node = 1
CPUs per task = 
/scratch/jobid = /scratch/775061
Submit Host = f07n05
Submit Directory = /ifs/user/sreehars/myhadoop/var20/node2/v3


MY_HADOOP_HOME=/util/myhadoop/myHadoop-0.2a
HADOOP_HOME=/util/hadoop/hadoop-0.20.1
MyHadoop config directory=/ifs/user/sreehars/myhadoop/var20/node2/v3/config
Set up the configurations for myHadoop
Number of nodes in nodelist=2
Number of Hadoop nodes requested: 2
Generation Hadoop configuration in directory: /ifs/user/sreehars/myhadoop/var20/node2/v3/config
Not persisting HDFS state
Received 2 nodes from PBS
Master is: d07n33s01
Configuring node: d07n33s01
rm -rf /scratch/hadoop-sreehars/log; mkdir -p /scratch/hadoop-sreehars/log
rm -rf /scratch/hadoop-sreehars/data; mkdir -p /scratch/hadoop-sreehars/data
Configuring node: d07n33s02
rm -rf /scratch/hadoop-sreehars/log; mkdir -p /scratch/hadoop-sreehars/log
rm -rf /scratch/hadoop-sreehars/data; mkdir -p /scratch/hadoop-sreehars/data

Format HDFS

start dfs
starting namenode, logging to /scratch/hadoop-sreehars/log/hadoop-sreehars_d07n33s01-namenode-d07n33s01.out
d07n33s02: starting datanode, logging to /scratch/hadoop-sreehars/log/hadoop-sreehars_d07n33s02-datanode-d07n33s02.out
d07n33s01: starting datanode, logging to /scratch/hadoop-sreehars/log/hadoop-sreehars_d07n33s01-datanode-d07n33s01.out
d07n33s01: starting secondarynamenode, logging to /scratch/hadoop-sreehars/log/hadoop-sreehars_d07n33s01-secondarynamenode-d07n33s01.out

start jobtracker (mapred)
starting jobtracker, logging to /scratch/hadoop-sreehars/log/hadoop-sreehars_d07n33s01-jobtracker-d07n33s01.out
d07n33s02: starting tasktracker, logging to /scratch/hadoop-sreehars/log/hadoop-sreehars_d07n33s02-tasktracker-d07n33s02.out
d07n33s01: starting tasktracker, logging to /scratch/hadoop-sreehars/log/hadoop-sreehars_d07n33s01-tasktracker-d07n33s01.out

copy file to dfs
ls files in dfs

Generation Time:1366
Hadoop Time:363795
0.012463869743514835 1833
0.009030434757955097 2832
0.00873853070895383 2630
0.008235846040691152 3441
0.008141325423227116 210
0.008093244746937183 3639
0.008042672418457965 2738
0.0077676208390638785 3541
0.007742299242858825 1631
0.0077367558387086265 3648
Matrix Time:84
OverAll Time:365678
ctime
ls files in dfs
Copy output from HDFS to local directory
stop jobtracker (mapred)
stopping jobtracker
d07n33s01: stopping tasktracker
d07n33s02: stopping tasktracker
stop dfs
stopping namenode
d07n33s02: stopping datanode
d07n33s01: stopping datanode
d07n33s01: stopping secondarynamenode
Clean up
Number of Hadoop nodes specified by user: 2
Received 2 nodes from PBS
Clean up node: d07n33s01
rm -rf /scratch/hadoop-sreehars/data /scratch/hadoop-sreehars/log
Clean up node: d07n33s02
rm -rf /scratch/hadoop-sreehars/data /scratch/hadoop-sreehars/log

