Currently Loaded Modulefiles:
  1) null                          4) hadoop/0.20.1
  2) modules                       5) myhadoop/0.2a/hadoop-0.20.1
  3) java/j2sdk/1.6.0_22
13/11/11 05:15:50 INFO namenode.NameNode: STARTUP_MSG: 
/************************************************************
STARTUP_MSG: Starting NameNode
STARTUP_MSG:   host = d07n33s01/10.104.7.33
STARTUP_MSG:   args = [-format]
STARTUP_MSG:   version = 0.20.1
STARTUP_MSG:   build = http://svn.apache.org/repos/asf/hadoop/common/tags/release-0.20.1-rc1 -r 810220; compiled by 'oom' on Tue Sep  1 20:55:56 UTC 2009
************************************************************/
13/11/11 05:15:50 INFO namenode.FSNamesystem: fsOwner=sreehars,cse603f13,u2
13/11/11 05:15:50 INFO namenode.FSNamesystem: supergroup=supergroup
13/11/11 05:15:50 INFO namenode.FSNamesystem: isPermissionEnabled=true
13/11/11 05:15:50 INFO common.Storage: Image file of size 98 saved in 0 seconds.
13/11/11 05:15:50 INFO common.Storage: Storage directory /scratch/hadoop-sreehars/data/dfs/name has been successfully formatted.
13/11/11 05:15:50 INFO namenode.NameNode: SHUTDOWN_MSG: 
/************************************************************
SHUTDOWN_MSG: Shutting down NameNode at d07n33s01/10.104.7.33
************************************************************/
put: File README.txt does not exist.
ls: Cannot access .: No such file or directory.
date: extra operand `%s'
Try `date --help' for more information.
/var/spool/slurmd/job775061/slurm_script: line 84: btime: command not found
13/11/11 05:17:18 WARN mapred.JobClient: Use GenericOptionsParser for parsing the arguments. Applications should implement Tool for the same.
13/11/11 05:17:18 INFO mapred.FileInputFormat: Total input paths to process : 1
13/11/11 05:17:18 INFO mapred.JobClient: Running job: job_201311110516_0001
13/11/11 05:17:19 INFO mapred.JobClient:  map 0% reduce 0%
13/11/11 05:17:34 INFO mapred.JobClient:  map 4% reduce 0%
13/11/11 05:17:37 INFO mapred.JobClient:  map 6% reduce 0%
13/11/11 05:17:40 INFO mapred.JobClient:  map 8% reduce 0%
13/11/11 05:17:43 INFO mapred.JobClient:  map 10% reduce 0%
13/11/11 05:17:46 INFO mapred.JobClient:  map 12% reduce 0%
13/11/11 05:17:49 INFO mapred.JobClient:  map 14% reduce 0%
13/11/11 05:17:52 INFO mapred.JobClient:  map 16% reduce 0%
13/11/11 05:17:55 INFO mapred.JobClient:  map 19% reduce 0%
13/11/11 05:17:59 INFO mapred.JobClient:  map 21% reduce 0%
13/11/11 05:18:02 INFO mapred.JobClient:  map 23% reduce 0%
13/11/11 05:18:05 INFO mapred.JobClient:  map 25% reduce 0%
13/11/11 05:18:08 INFO mapred.JobClient:  map 28% reduce 0%
13/11/11 05:18:11 INFO mapred.JobClient:  map 30% reduce 0%
13/11/11 05:18:14 INFO mapred.JobClient:  map 32% reduce 0%
13/11/11 05:18:17 INFO mapred.JobClient:  map 34% reduce 0%
13/11/11 05:18:20 INFO mapred.JobClient:  map 37% reduce 0%
13/11/11 05:18:23 INFO mapred.JobClient:  map 39% reduce 0%
13/11/11 05:18:26 INFO mapred.JobClient:  map 41% reduce 0%
13/11/11 05:18:29 INFO mapred.JobClient:  map 43% reduce 0%
13/11/11 05:18:32 INFO mapred.JobClient:  map 46% reduce 0%
13/11/11 05:18:35 INFO mapred.JobClient:  map 48% reduce 0%
13/11/11 05:18:38 INFO mapred.JobClient:  map 50% reduce 0%
13/11/11 05:18:41 INFO mapred.JobClient:  map 53% reduce 0%
13/11/11 05:18:44 INFO mapred.JobClient:  map 55% reduce 0%
13/11/11 05:18:47 INFO mapred.JobClient:  map 57% reduce 0%
13/11/11 05:18:50 INFO mapred.JobClient:  map 59% reduce 0%
13/11/11 05:18:53 INFO mapred.JobClient:  map 61% reduce 0%
13/11/11 05:18:56 INFO mapred.JobClient:  map 64% reduce 0%
13/11/11 05:18:59 INFO mapred.JobClient:  map 66% reduce 0%
13/11/11 05:19:02 INFO mapred.JobClient:  map 68% reduce 0%
13/11/11 05:19:05 INFO mapred.JobClient:  map 71% reduce 0%
13/11/11 05:19:08 INFO mapred.JobClient:  map 73% reduce 0%
13/11/11 05:19:11 INFO mapred.JobClient:  map 75% reduce 0%
13/11/11 05:19:14 INFO mapred.JobClient:  map 77% reduce 0%
13/11/11 05:19:17 INFO mapred.JobClient:  map 80% reduce 0%
13/11/11 05:19:20 INFO mapred.JobClient:  map 82% reduce 0%
13/11/11 05:19:23 INFO mapred.JobClient:  map 84% reduce 0%
13/11/11 05:19:26 INFO mapred.JobClient:  map 87% reduce 0%
13/11/11 05:19:29 INFO mapred.JobClient:  map 89% reduce 0%
13/11/11 05:19:32 INFO mapred.JobClient:  map 91% reduce 0%
13/11/11 05:19:35 INFO mapred.JobClient:  map 93% reduce 0%
13/11/11 05:19:38 INFO mapred.JobClient:  map 96% reduce 0%
13/11/11 05:19:41 INFO mapred.JobClient:  map 98% reduce 0%
13/11/11 05:19:44 INFO mapred.JobClient:  map 99% reduce 0%
13/11/11 05:19:47 INFO mapred.JobClient:  map 100% reduce 0%
13/11/11 05:22:05 INFO mapred.JobClient:  map 100% reduce 16%
13/11/11 05:22:11 INFO mapred.JobClient:  map 100% reduce 67%
13/11/11 05:22:14 INFO mapred.JobClient:  map 100% reduce 69%
13/11/11 05:22:17 INFO mapred.JobClient:  map 100% reduce 72%
13/11/11 05:22:20 INFO mapred.JobClient:  map 100% reduce 75%
13/11/11 05:22:23 INFO mapred.JobClient:  map 100% reduce 78%
13/11/11 05:22:26 INFO mapred.JobClient:  map 100% reduce 81%
13/11/11 05:22:29 INFO mapred.JobClient:  map 100% reduce 83%
13/11/11 05:22:32 INFO mapred.JobClient:  map 100% reduce 86%
13/11/11 05:22:35 INFO mapred.JobClient:  map 100% reduce 89%
13/11/11 05:22:38 INFO mapred.JobClient:  map 100% reduce 92%
13/11/11 05:22:41 INFO mapred.JobClient:  map 100% reduce 94%
13/11/11 05:22:44 INFO mapred.JobClient:  map 100% reduce 97%
13/11/11 05:22:50 INFO mapred.JobClient:  map 100% reduce 100%
13/11/11 05:22:52 INFO mapred.JobClient: Job complete: job_201311110516_0001
13/11/11 05:22:52 INFO mapred.JobClient: Counters: 19
13/11/11 05:22:52 INFO mapred.JobClient:   Job Counters 
13/11/11 05:22:52 INFO mapred.JobClient:     Launched reduce tasks=1
13/11/11 05:22:52 INFO mapred.JobClient:     Rack-local map tasks=1
13/11/11 05:22:52 INFO mapred.JobClient:     Launched map tasks=2
13/11/11 05:22:52 INFO mapred.JobClient:     Data-local map tasks=1
13/11/11 05:22:52 INFO mapred.JobClient:   FileSystemCounters
13/11/11 05:22:52 INFO mapred.JobClient:     FILE_BYTES_READ=6141835616
13/11/11 05:22:52 INFO mapred.JobClient:     HDFS_BYTES_READ=10673993
13/11/11 05:22:52 INFO mapred.JobClient:     FILE_BYTES_WRITTEN=7814535692
13/11/11 05:22:52 INFO mapred.JobClient:     HDFS_BYTES_WRITTEN=19328
13/11/11 05:22:52 INFO mapred.JobClient:   Map-Reduce Framework
13/11/11 05:22:52 INFO mapred.JobClient:     Reduce input groups=1326
13/11/11 05:22:52 INFO mapred.JobClient:     Combine output records=0
13/11/11 05:22:52 INFO mapred.JobClient:     Map input records=100000
13/11/11 05:22:52 INFO mapred.JobClient:     Reduce shuffle bytes=836333279
13/11/11 05:22:52 INFO mapred.JobClient:     Reduce output records=1326
13/11/11 05:22:52 INFO mapred.JobClient:     Spilled Records=619484232
13/11/11 05:22:52 INFO mapred.JobClient:     Map output bytes=1407500000
13/11/11 05:22:52 INFO mapred.JobClient:     Map input bytes=10600079
13/11/11 05:22:52 INFO mapred.JobClient:     Combine input records=0
13/11/11 05:22:52 INFO mapred.JobClient:     Map output records=132600000
13/11/11 05:22:52 INFO mapred.JobClient:     Reduce input records=132600000
date: extra operand `%s'
Try `date --help' for more information.
/var/spool/slurmd/job775061/slurm_script: line 86: atime: command not found
/var/spool/slurmd/job775061/slurm_script: line 87: atime: command not found
/var/spool/slurmd/job775061/slurm_script: line 87: btime: command not found
/var/spool/slurmd/job775061/slurm_script: line 87: -: command not found
/var/spool/slurmd/job775061/slurm_script: line 87: ctime: command not found
ls: Cannot access output_wordcount: No such file or directory.
get: null
